---
title: "Giáº£i ThÃ­ch SQL Explain BÃ¬nh DÃ¢n Há»c SQL"
date: 2023-06-20T09:39:15.000Z
tags: [Database, Explain, MySQL, Optimization, Performance, PostgreSQL, Query Analysis, SQL]
categories: [Database, SQL, Performance]
---

# SQL EXPLAIN - CÃ¡i GÃ¬ MÃ  Database Engine Äang NghÄ© Trong Äáº§u? ğŸ¤”

## Explain lÃ  gÃ¬?

Imagine báº¡n Ä‘ang há»i Ä‘Æ°á»ng má»™t Ã´ng taxi giÃ : â€œAnh Æ¡i, tá»« Ä‘Ã¢y Ä‘i Landmark 81 sao anh?â€

Ã”ng taxi khÃ´ng tráº£ lá»i ngay mÃ  báº¯t Ä‘áº§u láº©m báº©m:

*   â€œá»ªmâ€¦ Ä‘i Ä‘Æ°á»ng Nguyá»…n Há»¯u Cáº£nh thÃ¬ káº¹t xeâ€¦â€
*   â€œÄi cáº§u Thá»§ ThiÃªm thÃ¬ xaâ€¦â€
*   â€œÃ€ thÃ´i, Ä‘i Xa lá»™ HÃ  Ná»™i rá»“i vÃ²ng qua cho cháº¯c!â€

**EXPLAIN** chÃ­nh lÃ  cÃ¡i láº©m báº©m Ä‘Ã³ cá»§a database! ğŸš—

Khi báº¡n nÃ©m má»™t cÃ¢u query vÃ o database, nÃ³ khÃ´ng thá»±c thi ngay mÃ  sáº½:

1.  NghÄ© xem cÃ³ bao nhiÃªu cÃ¡ch Ä‘á»ƒ láº¥y data
2.  TÃ­nh toÃ¡n xem cÃ¡ch nÃ o nhanh nháº¥t, tá»‘n Ã­t resource nháº¥t
3.  Chá»n plan tá»‘i Æ°u nháº¥t
4.  Rá»“i má»›i thá»±c thi

**EXPLAIN** lÃ  cÃ¡ch Ä‘á»ƒ database show báº¡n cÃ¡i plan nÃ³ Ä‘Ã£ chá»n!

## Explain Ä‘á»ƒ lÃ m gÃ¬?

### 1\. Debug Performance Issues ğŸŒ

Khi query cháº¡y cháº­m nhÆ° rÃ¹a bÃ², thay vÃ¬ ngá»“i Ä‘Ã³ mÃ :

*   â€œSao nÃ³ cháº­m tháº¿?â€
*   â€œCÃ³ pháº£i do server khÃ´ng?â€
*   â€œHay do network?â€

ThÃ¬ báº¡n chá»‰ cáº§n `EXPLAIN` Ä‘á»ƒ xem database Ä‘ang lÃ m gÃ¬:

```sql
EXPLAIN SELECT * FROM users WHERE email = 'admin@example.com';
```

Náº¿u tháº¥y `Table Scan` (quÃ©t toÃ n bá»™ table) thay vÃ¬ `Index Seek` thÃ¬ biáº¿t ngay: **THIáº¾U INDEX!** ğŸ¯

### 2\. Tá»‘i Æ¯u Query TrÆ°á»›c Khi Deploy ğŸš€

Thay vÃ¬ deploy lÃªn production rá»“i user la lÃ ng â€œweb cháº­m quÃ¡!â€, báº¡n cÃ³ thá»ƒ:

```sql
-- Kiá»ƒm tra query trÆ°á»›c khi deploy
EXPLAIN SELECT u.name, COUNT(o.id) 
FROM users u 
LEFT JOIN orders o ON u.id = o.user_id 
WHERE u.created_at > '2024-01-01'
GROUP BY u.id;
```

Náº¿u tháº¥y cost cao hoáº·c cÃ³ table scan thÃ¬ biáº¿t ngay cáº§n optimize!

### 3\. So SÃ¡nh CÃ¡c CÃ¡ch Viáº¿t Query ğŸ“Š

CÃ¹ng má»™t káº¿t quáº£, cÃ³ thá»ƒ viáº¿t theo nhiá»u cÃ¡ch. EXPLAIN giÃºp báº¡n chá»n cÃ¡ch tá»‘t nháº¥t:

```sql
-- CÃ¡ch 1: Subquery
EXPLAIN SELECT * FROM users 
WHERE id IN (SELECT user_id FROM orders WHERE total > 1000);

-- CÃ¡ch 2: JOIN  
EXPLAIN SELECT DISTINCT u.* FROM users u
JOIN orders o ON u.id = o.user_id 
WHERE o.total > 1000;
```

CÃ¡ch nÃ o cost tháº¥p hÆ¡n thÃ¬ chá»n cÃ¡ch Ä‘Ã³!

## CÃ¡c Loáº¡i EXPLAIN Phá»• Biáº¿n

### MySQL ğŸ¬

```sql
-- Explain cÆ¡ báº£n
EXPLAIN SELECT * FROM users WHERE age > 25;

-- Explain format JSON (chi tiáº¿t hÆ¡n)
EXPLAIN FORMAT=JSON SELECT * FROM users WHERE age > 25;

-- Explain Analyze (thá»±c thi luÃ´n vÃ  show thá»i gian thá»±c)
EXPLAIN ANALYZE SELECT * FROM users WHERE age > 25;
```

### PostgreSQL ğŸ˜

```sql
-- Explain cÆ¡ báº£n  
EXPLAIN SELECT * FROM users WHERE age > 25;

-- Explain vá»›i cost vÃ  timing
EXPLAIN (ANALYZE, BUFFERS) SELECT * FROM users WHERE age > 25;

-- Explain format JSON
EXPLAIN (FORMAT JSON) SELECT * FROM users WHERE age > 25;
```

### SQL Server ğŸªŸ

```sql
-- Báº­t execution plan
SET SHOWPLAN_ALL ON;
SELECT * FROM users WHERE age > 25;

-- Hoáº·c dÃ¹ng Management Studio: Ctrl + M rá»“i cháº¡y query
```

## Äá»c Hiá»ƒu Execution Plan NhÆ° Tháº¿ NÃ o? ğŸ”

### CÃ¡c Thuáº­t Ngá»¯ Quan Trá»ng

| Thuáº­t ngá»¯ | NghÄ©a | VÃ­ dá»¥ Ä‘á»i thÆ°á»ng |
| --- | --- | --- |
| **Table Scan** | QuÃ©t toÃ n bá»™ table | NhÆ° tÃ¬m ngÆ°á»i trong cáº£ thÃ nh phá»‘ mÃ  khÃ´ng biáº¿t Ä‘á»‹a chá»‰ |
| **Index Seek** | TÃ¬m qua index | NhÆ° tra tá»« Ä‘iá»ƒn theo thá»© tá»± ABC |
| **Index Scan** | QuÃ©t toÃ n bá»™ index | NhÆ° Ä‘á»c cáº£ tá»« Ä‘iá»ƒn tá»« Ä‘áº§u Ä‘áº¿n cuá»‘i |
| **Nested Loop** | VÃ²ng láº·p lá»“ng nhau | NhÆ° so sÃ¡nh tá»«ng ngÆ°á»i vá»›i tá»«ng ngÆ°á»i |
| **Hash Join** | Join qua hash table | NhÆ° táº¡o danh sÃ¡ch rá»“i Ä‘á»‘i chiáº¿u |
| **Sort** | Sáº¯p xáº¿p | NhÆ° xáº¿p hÃ ng theo thá»© tá»± |

### VÃ­ Dá»¥ Thá»±c Táº¿

```sql
EXPLAIN SELECT u.name, o.total 
FROM users u 
JOIN orders o ON u.id = o.user_id 
WHERE u.age > 25 
ORDER BY o.total DESC;
```

**Káº¿t quáº£ cÃ³ thá»ƒ nhÆ° nÃ y:**

```plaintext
1. Sort (cost=1000..1200 rows=100)
   -> Hash Join (cost=500..800 rows=100)  
      -> Seq Scan on users u (cost=0..200 rows=50)
           Filter: (age > 25)
      -> Hash (cost=300..300 rows=1000)
         -> Seq Scan on orders o (cost=0..300 rows=1000)
```

**Äá»c tá»« trong ra ngoÃ i:**

1.  QuÃ©t table `users`, lá»c `age > 25`
2.  QuÃ©t table `orders`, táº¡o hash table
3.  Hash join 2 báº£ng
4.  Sort káº¿t quáº£ theo `total DESC`

## Red Flags Cáº§n ChÃº Ã! ğŸš©

### 1\. Table Scan TrÃªn Báº£ng Lá»›n

```plaintext
Seq Scan on big_table (cost=0..50000 rows=1000000)
```

â¡ï¸ **Cáº§n index ngay!**

### 2\. Cost QuÃ¡ Cao

```plaintext
Sort (cost=100000..120000 rows=1000000)
```

â¡ï¸ **Cáº§n optimize query hoáº·c thÃªm index**

### 3\. Nested Loop Vá»›i Báº£ng Lá»›n

```plaintext
Nested Loop (cost=0..1000000 rows=100000)
```

â¡ï¸ **CÃ³ thá»ƒ cáº§n Ä‘á»•i sang Hash Join**

## Tips Thá»±c Chiáº¿n ğŸ’¡

### 1\. LuÃ´n EXPLAIN TrÆ°á»›c Khi Optimize

```sql
-- Sai: ThÃªm index ngáº«u nhiÃªn
CREATE INDEX idx_random ON users(random_column);

-- ÄÃºng: Explain trÆ°á»›c, xem thiáº¿u gÃ¬
EXPLAIN SELECT * FROM users WHERE email = 'test@test.com';
-- Tháº¥y Table Scan -> ThÃªm index cho email
CREATE INDEX idx_users_email ON users(email);
```

### 2\. So SÃ¡nh TrÆ°á»›c VÃ  Sau Optimize

```sql
-- TrÆ°á»›c optimize
EXPLAIN ANALYZE SELECT * FROM orders WHERE created_at > '2024-01-01';
-- Execution time: 1000ms

-- ThÃªm index
CREATE INDEX idx_orders_created_at ON orders(created_at);

-- Sau optimize  
EXPLAIN ANALYZE SELECT * FROM orders WHERE created_at > '2024-01-01';
-- Execution time: 50ms
```

### 3\. ChÃº Ã Äáº¿n Cardinality

```sql
-- Query nÃ y sáº½ cháº­m náº¿u 90% users cÃ³ age > 25
SELECT * FROM users WHERE age > 25;

-- NhÆ°ng nhanh náº¿u chá»‰ 1% users cÃ³ age > 80  
SELECT * FROM users WHERE age > 80;
```

## Káº¿t Luáº­n

**EXPLAIN** lÃ  best friend cá»§a má»i developer lÃ m viá»‡c vá»›i database!

*   âœ… **TrÆ°á»›c khi deploy**: EXPLAIN Ä‘á»ƒ Ä‘áº£m báº£o performance
*   âœ… **Khi cÃ³ váº¥n Ä‘á»**: EXPLAIN Ä‘á»ƒ debug
*   âœ… **Khi optimize**: EXPLAIN Ä‘á»ƒ so sÃ¡nh

> **Remember**: Database engine thÃ´ng minh hÆ¡n báº¡n nghÄ©, nhÆ°ng nÃ³ cáº§n data statistics vÃ  index Ä‘á»ƒ Ä‘Æ°a ra quyáº¿t Ä‘á»‹nh tá»‘t!

**Pro tip cuá»‘i**: Äá»«ng chá»‰ nhÃ¬n vÃ o cost, hÃ£y cháº¡y `EXPLAIN ANALYZE` Ä‘á»ƒ tháº¥y thá»i gian thá»±c táº¿. ÄÃ´i khi plan cÃ³ váº» tá»‘t nhÆ°ng thá»±c táº¿ láº¡i cháº­m do data skew hoáº·c cache miss! ğŸ¯

* * *

Chá»‘t háº¡ cÃ³ cÃ¢u nÃ y hay vÃ£i Ã²: â€œPremature optimization is the root of all evil.â€ - Donald Knuth.

NhÆ°ng khÃ´ng cÃ³ optimization thÃ¬ lÃ  â€œroot of all performance issuesâ€! ğŸ˜„

_Happy querying, happy coding_

ph4n4n